<?xml version="1.0" encoding="UTF-8"?>
<!-- Generated by org.testng.reporters.JUnitReportReporter -->
<testsuite skipped="0" hostname="LAPTOP-M6F29H3O" name="Academy.validateNavigationBar" tests="1" failures="0" timestamp="27 Jun 2020 03:35:26 GMT" time="0.468" errors="0">
  <testcase name="validateAppNavBar" time="0.468" classname="Academy.validateNavigationBar"/>
</testsuite> <!-- Academy.validateNavigationBar -->
