<?xml version="1.0" encoding="UTF-8"?>
<!-- Generated by org.testng.reporters.JUnitReportReporter -->
<testsuite hostname="rajshekar-PC" name="Academy.validateNavigationBar" tests="1" failures="0" timestamp="22 Jul 2020 11:48:22 GMT" time="16.601" errors="0">
  <testcase name="validateAppNavBar" time="16.601" classname="Academy.validateNavigationBar"/>
</testsuite> <!-- Academy.validateNavigationBar -->
